[14:14:28] [main/INFO] [GradleStart]: No arguments specified, assuming client.
[14:14:28] [main/INFO] [GradleStart]: Extra: []
[14:14:28] [main/INFO] [GradleStart]: Running with arguments: [--userProperties, {}, --username, ForgeDevName, --tweakClass, cpw.mods.fml.common.launcher.FMLTweaker, --accessToken, FML, --assetIndex, 1.7.10, --assetsDir, C:/Users/Paul/.gradle/caches/minecraft/assets, --version, 1.7.10]
[14:14:28] [main/INFO] [LaunchWrapper]: Loading tweak class name cpw.mods.fml.common.launcher.FMLTweaker
[14:14:28] [main/INFO] [LaunchWrapper]: Using primary tweak class name cpw.mods.fml.common.launcher.FMLTweaker
[14:14:28] [main/INFO] [LaunchWrapper]: Calling tweak class cpw.mods.fml.common.launcher.FMLTweaker
[14:16:40] [main/INFO] [GradleStart]: No arguments specified, assuming client.
[14:16:40] [main/INFO] [GradleStart]: Extra: []
[14:16:40] [main/INFO] [GradleStart]: Running with arguments: [--userProperties, {}, --username, ForgeDevName, --tweakClass, cpw.mods.fml.common.launcher.FMLTweaker, --accessToken, FML, --assetIndex, 1.7.10, --assetsDir, C:/Users/Paul/.gradle/caches/minecraft/assets, --version, 1.7.10]
[14:16:40] [main/INFO] [LaunchWrapper]: Loading tweak class name cpw.mods.fml.common.launcher.FMLTweaker
[14:16:40] [main/INFO] [LaunchWrapper]: Using primary tweak class name cpw.mods.fml.common.launcher.FMLTweaker
[14:16:40] [main/INFO] [LaunchWrapper]: Calling tweak class cpw.mods.fml.common.launcher.FMLTweaker
[14:40:29] [main/INFO] [GradleStart]: No arguments specified, assuming client.
[14:40:29] [main/INFO] [GradleStart]: Extra: []
[14:40:29] [main/INFO] [GradleStart]: Running with arguments: [--userProperties, {}, --username, ForgeDevName, --tweakClass, cpw.mods.fml.common.launcher.FMLTweaker, --accessToken, FML, --assetIndex, 1.7.10, --assetsDir, C:/Users/Paul/.gradle/caches/minecraft/assets, --version, 1.7.10]
[14:40:29] [main/INFO] [LaunchWrapper]: Loading tweak class name cpw.mods.fml.common.launcher.FMLTweaker
[14:40:29] [main/INFO] [LaunchWrapper]: Using primary tweak class name cpw.mods.fml.common.launcher.FMLTweaker
[14:40:29] [main/INFO] [LaunchWrapper]: Calling tweak class cpw.mods.fml.common.launcher.FMLTweaker
[14:53:37] [main/INFO] [GradleStart]: No arguments specified, assuming client.
[14:53:37] [main/INFO] [GradleStart]: Extra: []
[14:53:37] [main/INFO] [GradleStart]: Running with arguments: [--userProperties, {}, --username, ForgeDevName, --tweakClass, cpw.mods.fml.common.launcher.FMLTweaker, --accessToken, FML, --assetIndex, 1.7.10, --assetsDir, C:/Users/Paul/.gradle/caches/minecraft/assets, --version, 1.7.10]
[14:53:37] [main/INFO] [LaunchWrapper]: Loading tweak class name cpw.mods.fml.common.launcher.FMLTweaker
[14:53:37] [main/INFO] [LaunchWrapper]: Using primary tweak class name cpw.mods.fml.common.launcher.FMLTweaker
[14:53:37] [main/INFO] [LaunchWrapper]: Calling tweak class cpw.mods.fml.common.launcher.FMLTweaker
[15:12:47] [main/INFO] [GradleStart]: No arguments specified, assuming client.
[15:12:47] [main/INFO] [GradleStart]: Extra: []
[15:12:47] [main/INFO] [GradleStart]: Running with arguments: [--userProperties, {}, --username, ForgeDevName, --tweakClass, cpw.mods.fml.common.launcher.FMLTweaker, --accessToken, FML, --assetIndex, 1.7.10, --assetsDir, C:/Users/Paul/.gradle/caches/minecraft/assets, --version, 1.7.10]
[15:12:47] [main/INFO] [LaunchWrapper]: Loading tweak class name cpw.mods.fml.common.launcher.FMLTweaker
[15:12:47] [main/INFO] [LaunchWrapper]: Using primary tweak class name cpw.mods.fml.common.launcher.FMLTweaker
[15:12:47] [main/INFO] [LaunchWrapper]: Calling tweak class cpw.mods.fml.common.launcher.FMLTweaker
[15:14:53] [main/INFO] [GradleStart]: No arguments specified, assuming client.
[15:14:53] [main/INFO] [GradleStart]: Extra: []
[15:14:53] [main/INFO] [GradleStart]: Running with arguments: [--userProperties, {}, --username, ForgeDevName, --tweakClass, cpw.mods.fml.common.launcher.FMLTweaker, --accessToken, FML, --assetIndex, 1.7.10, --assetsDir, C:/Users/Paul/.gradle/caches/minecraft/assets, --version, 1.7.10]
[15:14:53] [main/INFO] [LaunchWrapper]: Loading tweak class name cpw.mods.fml.common.launcher.FMLTweaker
[15:14:53] [main/INFO] [LaunchWrapper]: Using primary tweak class name cpw.mods.fml.common.launcher.FMLTweaker
[15:14:53] [main/INFO] [LaunchWrapper]: Calling tweak class cpw.mods.fml.common.launcher.FMLTweaker
[15:33:35] [main/INFO] [GradleStart]: No arguments specified, assuming client.
[15:33:35] [main/INFO] [GradleStart]: Extra: []
[15:33:35] [main/INFO] [GradleStart]: Running with arguments: [--userProperties, {}, --username, ForgeDevName, --tweakClass, cpw.mods.fml.common.launcher.FMLTweaker, --accessToken, FML, --assetIndex, 1.7.10, --assetsDir, C:/Users/Paul/.gradle/caches/minecraft/assets, --version, 1.7.10]
[15:33:35] [main/INFO] [LaunchWrapper]: Loading tweak class name cpw.mods.fml.common.launcher.FMLTweaker
[15:33:35] [main/INFO] [LaunchWrapper]: Using primary tweak class name cpw.mods.fml.common.launcher.FMLTweaker
[15:33:35] [main/INFO] [LaunchWrapper]: Calling tweak class cpw.mods.fml.common.launcher.FMLTweaker
[16:03:16] [main/INFO] [GradleStart]: No arguments specified, assuming client.
[16:03:16] [main/INFO] [GradleStart]: Extra: []
[16:03:16] [main/INFO] [GradleStart]: Running with arguments: [--userProperties, {}, --username, ForgeDevName, --tweakClass, cpw.mods.fml.common.launcher.FMLTweaker, --accessToken, FML, --assetIndex, 1.7.10, --assetsDir, C:/Users/Paul/.gradle/caches/minecraft/assets, --version, 1.7.10]
[16:03:16] [main/INFO] [LaunchWrapper]: Loading tweak class name cpw.mods.fml.common.launcher.FMLTweaker
[16:03:16] [main/INFO] [LaunchWrapper]: Using primary tweak class name cpw.mods.fml.common.launcher.FMLTweaker
[16:03:16] [main/INFO] [LaunchWrapper]: Calling tweak class cpw.mods.fml.common.launcher.FMLTweaker
[16:04:24] [main/INFO] [GradleStart]: No arguments specified, assuming client.
[16:04:24] [main/INFO] [GradleStart]: Extra: []
[16:04:24] [main/INFO] [GradleStart]: Running with arguments: [--userProperties, {}, --username, ForgeDevName, --tweakClass, cpw.mods.fml.common.launcher.FMLTweaker, --accessToken, FML, --assetIndex, 1.7.10, --assetsDir, C:/Users/Paul/.gradle/caches/minecraft/assets, --version, 1.7.10]
[16:04:24] [main/INFO] [LaunchWrapper]: Loading tweak class name cpw.mods.fml.common.launcher.FMLTweaker
[16:04:24] [main/INFO] [LaunchWrapper]: Using primary tweak class name cpw.mods.fml.common.launcher.FMLTweaker
[16:04:24] [main/INFO] [LaunchWrapper]: Calling tweak class cpw.mods.fml.common.launcher.FMLTweaker
[16:26:12] [main/INFO] [GradleStart]: No arguments specified, assuming client.
[16:26:12] [main/INFO] [GradleStart]: Extra: []
[16:26:12] [main/INFO] [GradleStart]: Running with arguments: [--userProperties, {}, --username, ForgeDevName, --tweakClass, cpw.mods.fml.common.launcher.FMLTweaker, --accessToken, FML, --assetIndex, 1.7.10, --assetsDir, C:/Users/Paul/.gradle/caches/minecraft/assets, --version, 1.7.10]
[16:26:12] [main/INFO] [LaunchWrapper]: Loading tweak class name cpw.mods.fml.common.launcher.FMLTweaker
[16:26:12] [main/INFO] [LaunchWrapper]: Using primary tweak class name cpw.mods.fml.common.launcher.FMLTweaker
[16:26:12] [main/INFO] [LaunchWrapper]: Calling tweak class cpw.mods.fml.common.launcher.FMLTweaker
[16:29:57] [main/INFO] [GradleStart]: No arguments specified, assuming client.
[16:29:57] [main/INFO] [GradleStart]: Extra: []
[16:29:57] [main/INFO] [GradleStart]: Running with arguments: [--userProperties, {}, --username, ForgeDevName, --tweakClass, cpw.mods.fml.common.launcher.FMLTweaker, --accessToken, FML, --assetIndex, 1.7.10, --assetsDir, C:/Users/Paul/.gradle/caches/minecraft/assets, --version, 1.7.10]
[16:29:57] [main/INFO] [LaunchWrapper]: Loading tweak class name cpw.mods.fml.common.launcher.FMLTweaker
[16:29:57] [main/INFO] [LaunchWrapper]: Using primary tweak class name cpw.mods.fml.common.launcher.FMLTweaker
[16:29:57] [main/INFO] [LaunchWrapper]: Calling tweak class cpw.mods.fml.common.launcher.FMLTweaker
[16:33:14] [main/INFO] [GradleStart]: No arguments specified, assuming client.
[16:33:14] [main/INFO] [GradleStart]: Extra: []
[16:33:14] [main/INFO] [GradleStart]: Running with arguments: [--userProperties, {}, --username, ForgeDevName, --tweakClass, cpw.mods.fml.common.launcher.FMLTweaker, --accessToken, FML, --assetIndex, 1.7.10, --assetsDir, C:/Users/Paul/.gradle/caches/minecraft/assets, --version, 1.7.10]
[16:33:14] [main/INFO] [LaunchWrapper]: Loading tweak class name cpw.mods.fml.common.launcher.FMLTweaker
[16:33:14] [main/INFO] [LaunchWrapper]: Using primary tweak class name cpw.mods.fml.common.launcher.FMLTweaker
[16:33:14] [main/INFO] [LaunchWrapper]: Calling tweak class cpw.mods.fml.common.launcher.FMLTweaker
[16:39:32] [main/INFO] [GradleStart]: No arguments specified, assuming client.
[16:39:32] [main/INFO] [GradleStart]: Extra: []
[16:39:32] [main/INFO] [GradleStart]: Running with arguments: [--userProperties, {}, --username, ForgeDevName, --tweakClass, cpw.mods.fml.common.launcher.FMLTweaker, --accessToken, FML, --assetIndex, 1.7.10, --assetsDir, C:/Users/Paul/.gradle/caches/minecraft/assets, --version, 1.7.10]
[16:39:32] [main/INFO] [LaunchWrapper]: Loading tweak class name cpw.mods.fml.common.launcher.FMLTweaker
[16:39:32] [main/INFO] [LaunchWrapper]: Using primary tweak class name cpw.mods.fml.common.launcher.FMLTweaker
[16:39:32] [main/INFO] [LaunchWrapper]: Calling tweak class cpw.mods.fml.common.launcher.FMLTweaker
[17:48:59] [main/INFO] [GradleStart]: No arguments specified, assuming client.
[17:48:59] [main/INFO] [GradleStart]: Extra: []
[17:48:59] [main/INFO] [GradleStart]: Running with arguments: [--userProperties, {}, --username, ForgeDevName, --tweakClass, cpw.mods.fml.common.launcher.FMLTweaker, --accessToken, FML, --assetIndex, 1.7.10, --assetsDir, C:/Users/Paul/.gradle/caches/minecraft/assets, --version, 1.7.10]
[17:48:59] [main/INFO] [LaunchWrapper]: Loading tweak class name cpw.mods.fml.common.launcher.FMLTweaker
[17:48:59] [main/INFO] [LaunchWrapper]: Using primary tweak class name cpw.mods.fml.common.launcher.FMLTweaker
[17:48:59] [main/INFO] [LaunchWrapper]: Calling tweak class cpw.mods.fml.common.launcher.FMLTweaker
[17:51:09] [main/INFO] [GradleStart]: No arguments specified, assuming client.
[17:51:09] [main/INFO] [GradleStart]: Extra: []
[17:51:10] [main/INFO] [GradleStart]: Running with arguments: [--userProperties, {}, --username, ForgeDevName, --tweakClass, cpw.mods.fml.common.launcher.FMLTweaker, --accessToken, FML, --assetIndex, 1.7.10, --assetsDir, C:/Users/Paul/.gradle/caches/minecraft/assets, --version, 1.7.10]
[17:51:10] [main/INFO] [LaunchWrapper]: Loading tweak class name cpw.mods.fml.common.launcher.FMLTweaker
[17:51:10] [main/INFO] [LaunchWrapper]: Using primary tweak class name cpw.mods.fml.common.launcher.FMLTweaker
[17:51:10] [main/INFO] [LaunchWrapper]: Calling tweak class cpw.mods.fml.common.launcher.FMLTweaker
[18:08:42] [main/INFO] [GradleStart]: No arguments specified, assuming client.
[18:08:42] [main/INFO] [GradleStart]: Extra: []
[18:08:42] [main/INFO] [GradleStart]: Running with arguments: [--userProperties, {}, --username, ForgeDevName, --tweakClass, cpw.mods.fml.common.launcher.FMLTweaker, --accessToken, FML, --assetIndex, 1.7.10, --assetsDir, C:/Users/Paul/.gradle/caches/minecraft/assets, --version, 1.7.10]
[18:08:42] [main/INFO] [LaunchWrapper]: Loading tweak class name cpw.mods.fml.common.launcher.FMLTweaker
[18:08:42] [main/INFO] [LaunchWrapper]: Using primary tweak class name cpw.mods.fml.common.launcher.FMLTweaker
[18:08:42] [main/INFO] [LaunchWrapper]: Calling tweak class cpw.mods.fml.common.launcher.FMLTweaker
[18:47:58] [main/INFO] [GradleStart]: No arguments specified, assuming client.
[18:47:58] [main/INFO] [GradleStart]: Extra: []
[18:47:58] [main/INFO] [GradleStart]: Running with arguments: [--userProperties, {}, --username, ForgeDevName, --tweakClass, cpw.mods.fml.common.launcher.FMLTweaker, --accessToken, FML, --assetIndex, 1.7.10, --assetsDir, C:/Users/Paul/.gradle/caches/minecraft/assets, --version, 1.7.10]
[18:47:58] [main/INFO] [LaunchWrapper]: Loading tweak class name cpw.mods.fml.common.launcher.FMLTweaker
[18:47:58] [main/INFO] [LaunchWrapper]: Using primary tweak class name cpw.mods.fml.common.launcher.FMLTweaker
[18:47:58] [main/INFO] [LaunchWrapper]: Calling tweak class cpw.mods.fml.common.launcher.FMLTweaker
[18:49:58] [main/INFO] [GradleStart]: No arguments specified, assuming client.
[18:49:58] [main/INFO] [GradleStart]: Extra: []
[18:49:58] [main/INFO] [GradleStart]: Running with arguments: [--userProperties, {}, --username, ForgeDevName, --tweakClass, cpw.mods.fml.common.launcher.FMLTweaker, --accessToken, FML, --assetIndex, 1.7.10, --assetsDir, C:/Users/Paul/.gradle/caches/minecraft/assets, --version, 1.7.10]
[18:49:58] [main/INFO] [LaunchWrapper]: Loading tweak class name cpw.mods.fml.common.launcher.FMLTweaker
[18:49:58] [main/INFO] [LaunchWrapper]: Using primary tweak class name cpw.mods.fml.common.launcher.FMLTweaker
[18:49:58] [main/INFO] [LaunchWrapper]: Calling tweak class cpw.mods.fml.common.launcher.FMLTweaker
[18:54:55] [main/INFO] [GradleStart]: No arguments specified, assuming client.
[18:54:55] [main/INFO] [GradleStart]: Extra: []
[18:54:55] [main/INFO] [GradleStart]: Running with arguments: [--userProperties, {}, --username, ForgeDevName, --tweakClass, cpw.mods.fml.common.launcher.FMLTweaker, --accessToken, FML, --assetIndex, 1.7.10, --assetsDir, C:/Users/Paul/.gradle/caches/minecraft/assets, --version, 1.7.10]
[18:54:55] [main/INFO] [LaunchWrapper]: Loading tweak class name cpw.mods.fml.common.launcher.FMLTweaker
[18:54:55] [main/INFO] [LaunchWrapper]: Using primary tweak class name cpw.mods.fml.common.launcher.FMLTweaker
[18:54:55] [main/INFO] [LaunchWrapper]: Calling tweak class cpw.mods.fml.common.launcher.FMLTweaker
[19:02:06] [main/INFO] [GradleStart]: No arguments specified, assuming client.
[19:02:06] [main/INFO] [GradleStart]: Extra: []
[19:02:06] [main/INFO] [GradleStart]: Running with arguments: [--userProperties, {}, --username, ForgeDevName, --tweakClass, cpw.mods.fml.common.launcher.FMLTweaker, --accessToken, FML, --assetIndex, 1.7.10, --assetsDir, C:/Users/Paul/.gradle/caches/minecraft/assets, --version, 1.7.10]
[19:02:07] [main/INFO] [LaunchWrapper]: Loading tweak class name cpw.mods.fml.common.launcher.FMLTweaker
[19:02:07] [main/INFO] [LaunchWrapper]: Using primary tweak class name cpw.mods.fml.common.launcher.FMLTweaker
[19:02:07] [main/INFO] [LaunchWrapper]: Calling tweak class cpw.mods.fml.common.launcher.FMLTweaker
[19:13:45] [main/INFO] [GradleStart]: No arguments specified, assuming client.
[19:13:45] [main/INFO] [GradleStart]: Extra: []
[19:13:45] [main/INFO] [GradleStart]: Running with arguments: [--userProperties, {}, --username, ForgeDevName, --tweakClass, cpw.mods.fml.common.launcher.FMLTweaker, --accessToken, FML, --assetIndex, 1.7.10, --assetsDir, C:/Users/Paul/.gradle/caches/minecraft/assets, --version, 1.7.10]
[19:13:45] [main/INFO] [LaunchWrapper]: Loading tweak class name cpw.mods.fml.common.launcher.FMLTweaker
[19:13:45] [main/INFO] [LaunchWrapper]: Using primary tweak class name cpw.mods.fml.common.launcher.FMLTweaker
[19:13:45] [main/INFO] [LaunchWrapper]: Calling tweak class cpw.mods.fml.common.launcher.FMLTweaker
[19:35:51] [main/INFO] [GradleStart]: No arguments specified, assuming client.
[19:35:51] [main/INFO] [GradleStart]: Extra: []
[19:35:51] [main/INFO] [GradleStart]: Running with arguments: [--userProperties, {}, --username, ForgeDevName, --tweakClass, cpw.mods.fml.common.launcher.FMLTweaker, --accessToken, FML, --assetIndex, 1.7.10, --assetsDir, C:/Users/Paul/.gradle/caches/minecraft/assets, --version, 1.7.10]
[19:35:51] [main/INFO] [LaunchWrapper]: Loading tweak class name cpw.mods.fml.common.launcher.FMLTweaker
[19:35:51] [main/INFO] [LaunchWrapper]: Using primary tweak class name cpw.mods.fml.common.launcher.FMLTweaker
[19:35:51] [main/INFO] [LaunchWrapper]: Calling tweak class cpw.mods.fml.common.launcher.FMLTweaker
[20:05:32] [main/INFO] [GradleStart]: No arguments specified, assuming client.
[20:05:32] [main/INFO] [GradleStart]: Extra: []
[20:05:32] [main/INFO] [GradleStart]: Running with arguments: [--userProperties, {}, --username, ForgeDevName, --tweakClass, cpw.mods.fml.common.launcher.FMLTweaker, --accessToken, FML, --assetIndex, 1.7.10, --assetsDir, C:/Users/Paul/.gradle/caches/minecraft/assets, --version, 1.7.10]
[20:05:32] [main/INFO] [LaunchWrapper]: Loading tweak class name cpw.mods.fml.common.launcher.FMLTweaker
[20:05:32] [main/INFO] [LaunchWrapper]: Using primary tweak class name cpw.mods.fml.common.launcher.FMLTweaker
[20:05:32] [main/INFO] [LaunchWrapper]: Calling tweak class cpw.mods.fml.common.launcher.FMLTweaker
[20:06:57] [main/INFO] [GradleStart]: No arguments specified, assuming client.
[20:06:57] [main/INFO] [GradleStart]: Extra: []
[20:06:57] [main/INFO] [GradleStart]: Running with arguments: [--userProperties, {}, --username, ForgeDevName, --tweakClass, cpw.mods.fml.common.launcher.FMLTweaker, --accessToken, FML, --assetIndex, 1.7.10, --assetsDir, C:/Users/Paul/.gradle/caches/minecraft/assets, --version, 1.7.10]
[20:06:57] [main/INFO] [LaunchWrapper]: Loading tweak class name cpw.mods.fml.common.launcher.FMLTweaker
[20:06:57] [main/INFO] [LaunchWrapper]: Using primary tweak class name cpw.mods.fml.common.launcher.FMLTweaker
[20:06:57] [main/INFO] [LaunchWrapper]: Calling tweak class cpw.mods.fml.common.launcher.FMLTweaker
[20:09:34] [main/INFO] [GradleStart]: No arguments specified, assuming client.
[20:09:34] [main/INFO] [GradleStart]: Extra: []
[20:09:34] [main/INFO] [GradleStart]: Running with arguments: [--userProperties, {}, --username, ForgeDevName, --tweakClass, cpw.mods.fml.common.launcher.FMLTweaker, --accessToken, FML, --assetIndex, 1.7.10, --assetsDir, C:/Users/Paul/.gradle/caches/minecraft/assets, --version, 1.7.10]
[20:09:34] [main/INFO] [LaunchWrapper]: Loading tweak class name cpw.mods.fml.common.launcher.FMLTweaker
[20:09:34] [main/INFO] [LaunchWrapper]: Using primary tweak class name cpw.mods.fml.common.launcher.FMLTweaker
[20:09:34] [main/INFO] [LaunchWrapper]: Calling tweak class cpw.mods.fml.common.launcher.FMLTweaker
[20:16:04] [main/INFO] [GradleStart]: No arguments specified, assuming client.
[20:16:04] [main/INFO] [GradleStart]: Extra: []
[20:16:04] [main/INFO] [GradleStart]: Running with arguments: [--userProperties, {}, --username, ForgeDevName, --tweakClass, cpw.mods.fml.common.launcher.FMLTweaker, --accessToken, FML, --assetIndex, 1.7.10, --assetsDir, C:/Users/Paul/.gradle/caches/minecraft/assets, --version, 1.7.10]
[20:16:04] [main/INFO] [LaunchWrapper]: Loading tweak class name cpw.mods.fml.common.launcher.FMLTweaker
[20:16:04] [main/INFO] [LaunchWrapper]: Using primary tweak class name cpw.mods.fml.common.launcher.FMLTweaker
[20:16:04] [main/INFO] [LaunchWrapper]: Calling tweak class cpw.mods.fml.common.launcher.FMLTweaker
[20:17:31] [main/INFO] [GradleStart]: No arguments specified, assuming client.
[20:17:31] [main/INFO] [GradleStart]: Extra: []
[20:17:31] [main/INFO] [GradleStart]: Running with arguments: [--userProperties, {}, --username, ForgeDevName, --tweakClass, cpw.mods.fml.common.launcher.FMLTweaker, --accessToken, FML, --assetIndex, 1.7.10, --assetsDir, C:/Users/Paul/.gradle/caches/minecraft/assets, --version, 1.7.10]
[20:17:31] [main/INFO] [LaunchWrapper]: Loading tweak class name cpw.mods.fml.common.launcher.FMLTweaker
[20:17:31] [main/INFO] [LaunchWrapper]: Using primary tweak class name cpw.mods.fml.common.launcher.FMLTweaker
[20:17:31] [main/INFO] [LaunchWrapper]: Calling tweak class cpw.mods.fml.common.launcher.FMLTweaker
[20:26:43] [main/INFO] [GradleStart]: No arguments specified, assuming client.
[20:26:43] [main/INFO] [GradleStart]: Extra: []
[20:26:43] [main/INFO] [GradleStart]: Running with arguments: [--userProperties, {}, --username, ForgeDevName, --tweakClass, cpw.mods.fml.common.launcher.FMLTweaker, --accessToken, FML, --assetIndex, 1.7.10, --assetsDir, C:/Users/Paul/.gradle/caches/minecraft/assets, --version, 1.7.10]
[20:26:43] [main/INFO] [LaunchWrapper]: Loading tweak class name cpw.mods.fml.common.launcher.FMLTweaker
[20:26:43] [main/INFO] [LaunchWrapper]: Using primary tweak class name cpw.mods.fml.common.launcher.FMLTweaker
[20:26:43] [main/INFO] [LaunchWrapper]: Calling tweak class cpw.mods.fml.common.launcher.FMLTweaker
[20:28:12] [main/INFO] [GradleStart]: No arguments specified, assuming client.
[20:28:12] [main/INFO] [GradleStart]: Extra: []
[20:28:12] [main/INFO] [GradleStart]: Running with arguments: [--userProperties, {}, --username, ForgeDevName, --tweakClass, cpw.mods.fml.common.launcher.FMLTweaker, --accessToken, FML, --assetIndex, 1.7.10, --assetsDir, C:/Users/Paul/.gradle/caches/minecraft/assets, --version, 1.7.10]
[20:28:12] [main/INFO] [LaunchWrapper]: Loading tweak class name cpw.mods.fml.common.launcher.FMLTweaker
[20:28:12] [main/INFO] [LaunchWrapper]: Using primary tweak class name cpw.mods.fml.common.launcher.FMLTweaker
[20:28:12] [main/INFO] [LaunchWrapper]: Calling tweak class cpw.mods.fml.common.launcher.FMLTweaker
[20:28:31] [main/INFO] [GradleStart]: No arguments specified, assuming client.
[20:28:31] [main/INFO] [GradleStart]: Extra: []
[20:28:31] [main/INFO] [GradleStart]: Running with arguments: [--userProperties, {}, --username, ForgeDevName, --tweakClass, cpw.mods.fml.common.launcher.FMLTweaker, --accessToken, FML, --assetIndex, 1.7.10, --assetsDir, C:/Users/Paul/.gradle/caches/minecraft/assets, --version, 1.7.10]
[20:28:31] [main/INFO] [LaunchWrapper]: Loading tweak class name cpw.mods.fml.common.launcher.FMLTweaker
[20:28:31] [main/INFO] [LaunchWrapper]: Using primary tweak class name cpw.mods.fml.common.launcher.FMLTweaker
[20:28:31] [main/INFO] [LaunchWrapper]: Calling tweak class cpw.mods.fml.common.launcher.FMLTweaker
[20:34:01] [main/INFO] [GradleStart]: No arguments specified, assuming client.
[20:34:01] [main/INFO] [GradleStart]: Extra: []
[20:34:01] [main/INFO] [GradleStart]: Running with arguments: [--userProperties, {}, --username, ForgeDevName, --tweakClass, cpw.mods.fml.common.launcher.FMLTweaker, --accessToken, FML, --assetIndex, 1.7.10, --assetsDir, C:/Users/Paul/.gradle/caches/minecraft/assets, --version, 1.7.10]
[20:34:01] [main/INFO] [LaunchWrapper]: Loading tweak class name cpw.mods.fml.common.launcher.FMLTweaker
[20:34:01] [main/INFO] [LaunchWrapper]: Using primary tweak class name cpw.mods.fml.common.launcher.FMLTweaker
[20:34:01] [main/INFO] [LaunchWrapper]: Calling tweak class cpw.mods.fml.common.launcher.FMLTweaker
[20:39:56] [main/INFO] [GradleStart]: No arguments specified, assuming client.
[20:39:56] [main/INFO] [GradleStart]: Extra: []
[20:39:56] [main/INFO] [GradleStart]: Running with arguments: [--userProperties, {}, --username, ForgeDevName, --tweakClass, cpw.mods.fml.common.launcher.FMLTweaker, --accessToken, FML, --assetIndex, 1.7.10, --assetsDir, C:/Users/Paul/.gradle/caches/minecraft/assets, --version, 1.7.10]
[20:39:56] [main/INFO] [LaunchWrapper]: Loading tweak class name cpw.mods.fml.common.launcher.FMLTweaker
[20:39:56] [main/INFO] [LaunchWrapper]: Using primary tweak class name cpw.mods.fml.common.launcher.FMLTweaker
[20:39:56] [main/INFO] [LaunchWrapper]: Calling tweak class cpw.mods.fml.common.launcher.FMLTweaker
[20:41:14] [main/INFO] [GradleStart]: No arguments specified, assuming client.
[20:41:14] [main/INFO] [GradleStart]: Extra: []
[20:41:14] [main/INFO] [GradleStart]: Running with arguments: [--userProperties, {}, --username, ForgeDevName, --tweakClass, cpw.mods.fml.common.launcher.FMLTweaker, --accessToken, FML, --assetIndex, 1.7.10, --assetsDir, C:/Users/Paul/.gradle/caches/minecraft/assets, --version, 1.7.10]
[20:41:14] [main/INFO] [LaunchWrapper]: Loading tweak class name cpw.mods.fml.common.launcher.FMLTweaker
[20:41:14] [main/INFO] [LaunchWrapper]: Using primary tweak class name cpw.mods.fml.common.launcher.FMLTweaker
[20:41:14] [main/INFO] [LaunchWrapper]: Calling tweak class cpw.mods.fml.common.launcher.FMLTweaker
[20:41:54] [main/INFO] [GradleStart]: No arguments specified, assuming client.
[20:41:54] [main/INFO] [GradleStart]: Extra: []
[20:41:54] [main/INFO] [GradleStart]: Running with arguments: [--userProperties, {}, --username, ForgeDevName, --tweakClass, cpw.mods.fml.common.launcher.FMLTweaker, --accessToken, FML, --assetIndex, 1.7.10, --assetsDir, C:/Users/Paul/.gradle/caches/minecraft/assets, --version, 1.7.10]
[20:41:54] [main/INFO] [LaunchWrapper]: Loading tweak class name cpw.mods.fml.common.launcher.FMLTweaker
[20:41:54] [main/INFO] [LaunchWrapper]: Using primary tweak class name cpw.mods.fml.common.launcher.FMLTweaker
[20:41:54] [main/INFO] [LaunchWrapper]: Calling tweak class cpw.mods.fml.common.launcher.FMLTweaker
[21:29:56] [main/INFO] [GradleStart]: No arguments specified, assuming client.
[21:29:56] [main/INFO] [GradleStart]: Extra: []
[21:29:56] [main/INFO] [GradleStart]: Running with arguments: [--userProperties, {}, --username, ForgeDevName, --tweakClass, cpw.mods.fml.common.launcher.FMLTweaker, --accessToken, FML, --assetIndex, 1.7.10, --assetsDir, C:/Users/Paul/.gradle/caches/minecraft/assets, --version, 1.7.10]
[21:29:56] [main/INFO] [LaunchWrapper]: Loading tweak class name cpw.mods.fml.common.launcher.FMLTweaker
[21:29:56] [main/INFO] [LaunchWrapper]: Using primary tweak class name cpw.mods.fml.common.launcher.FMLTweaker
[21:29:56] [main/INFO] [LaunchWrapper]: Calling tweak class cpw.mods.fml.common.launcher.FMLTweaker
[21:31:36] [main/INFO] [GradleStart]: No arguments specified, assuming client.
[21:31:36] [main/INFO] [GradleStart]: Extra: []
[21:31:36] [main/INFO] [GradleStart]: Running with arguments: [--userProperties, {}, --username, ForgeDevName, --tweakClass, cpw.mods.fml.common.launcher.FMLTweaker, --accessToken, FML, --assetIndex, 1.7.10, --assetsDir, C:/Users/Paul/.gradle/caches/minecraft/assets, --version, 1.7.10]
[21:31:36] [main/INFO] [LaunchWrapper]: Loading tweak class name cpw.mods.fml.common.launcher.FMLTweaker
[21:31:36] [main/INFO] [LaunchWrapper]: Using primary tweak class name cpw.mods.fml.common.launcher.FMLTweaker
[21:31:36] [main/INFO] [LaunchWrapper]: Calling tweak class cpw.mods.fml.common.launcher.FMLTweaker
[21:38:23] [main/INFO] [GradleStart]: No arguments specified, assuming client.
[21:38:23] [main/INFO] [GradleStart]: Extra: []
[21:38:23] [main/INFO] [GradleStart]: Running with arguments: [--userProperties, {}, --username, ForgeDevName, --tweakClass, cpw.mods.fml.common.launcher.FMLTweaker, --accessToken, FML, --assetIndex, 1.7.10, --assetsDir, C:/Users/Paul/.gradle/caches/minecraft/assets, --version, 1.7.10]
[21:38:23] [main/INFO] [LaunchWrapper]: Loading tweak class name cpw.mods.fml.common.launcher.FMLTweaker
[21:38:23] [main/INFO] [LaunchWrapper]: Using primary tweak class name cpw.mods.fml.common.launcher.FMLTweaker
[21:38:23] [main/INFO] [LaunchWrapper]: Calling tweak class cpw.mods.fml.common.launcher.FMLTweaker
[21:39:46] [main/INFO] [GradleStart]: No arguments specified, assuming client.
[21:39:46] [main/INFO] [GradleStart]: Extra: []
[21:39:46] [main/INFO] [GradleStart]: Running with arguments: [--userProperties, {}, --username, ForgeDevName, --tweakClass, cpw.mods.fml.common.launcher.FMLTweaker, --accessToken, FML, --assetIndex, 1.7.10, --assetsDir, C:/Users/Paul/.gradle/caches/minecraft/assets, --version, 1.7.10]
[21:39:46] [main/INFO] [LaunchWrapper]: Loading tweak class name cpw.mods.fml.common.launcher.FMLTweaker
[21:39:46] [main/INFO] [LaunchWrapper]: Using primary tweak class name cpw.mods.fml.common.launcher.FMLTweaker
[21:39:46] [main/INFO] [LaunchWrapper]: Calling tweak class cpw.mods.fml.common.launcher.FMLTweaker
[21:50:44] [main/INFO] [GradleStart]: No arguments specified, assuming client.
[21:50:44] [main/INFO] [GradleStart]: Extra: []
[21:50:44] [main/INFO] [GradleStart]: Running with arguments: [--userProperties, {}, --username, ForgeDevName, --tweakClass, cpw.mods.fml.common.launcher.FMLTweaker, --accessToken, FML, --assetIndex, 1.7.10, --assetsDir, C:/Users/Paul/.gradle/caches/minecraft/assets, --version, 1.7.10]
[21:50:44] [main/INFO] [LaunchWrapper]: Loading tweak class name cpw.mods.fml.common.launcher.FMLTweaker
[21:50:44] [main/INFO] [LaunchWrapper]: Using primary tweak class name cpw.mods.fml.common.launcher.FMLTweaker
[21:50:44] [main/INFO] [LaunchWrapper]: Calling tweak class cpw.mods.fml.common.launcher.FMLTweaker
