[20:35:30] [main/INFO]: Setting user: ForgeDevName
[20:35:31] [Client thread/INFO]: LWJGL Version: 2.9.1
[20:35:31] [Client thread/ERROR]: Couldn't initialize twitch stream
[20:35:36] [Client thread/INFO]: Reloading ResourceManager: Default, FMLFileResourcePack:Forge Mod Loader, FMLFileResourcePack:Minecraft Forge, FMLFileResourcePack:Medieval Items
[20:35:37] [Sound Library Loader/INFO]: Sound engine started
[20:35:38] [Client thread/INFO]: Created: 512x256 textures/blocks-atlas
[20:35:38] [Client thread/INFO]: Created: 256x256 textures/items-atlas
[20:35:38] [Client thread/INFO]: Reloading ResourceManager: Default, FMLFileResourcePack:Forge Mod Loader, FMLFileResourcePack:Minecraft Forge, FMLFileResourcePack:Medieval Items
[20:35:38] [Client thread/INFO]: Created: 256x256 textures/items-atlas
[20:35:39] [Client thread/INFO]: Created: 512x256 textures/blocks-atlas
[20:35:39] [Sound Library Loader/INFO]: Sound engine started
[20:35:44] [Server thread/INFO]: Starting integrated minecraft server version 1.7.10
[20:35:44] [Server thread/INFO]: Generating keypair
[20:35:45] [Server thread/INFO]: Preparing start region for level 0
[20:35:45] [Server thread/INFO]: Changing view distance to 12, from 10
[20:35:46] [Server thread/INFO]: ForgeDevName[local:E:e0708f56] logged in with entity id 90 at (-289.9922306886041, 4.0, 13.135078166549054)
[20:35:46] [Server thread/INFO]: ForgeDevName joined the game
[20:36:15] [Server thread/INFO]: [ForgeDevName: Set own game mode to Survival Mode]
[20:36:15] [Client thread/INFO]: [CHAT] Your game mode has been updated
[20:38:45] [Server thread/INFO]: Saving and pausing game...
[20:38:45] [Server thread/INFO]: Saving chunks for level 'New World'/Overworld
[20:38:45] [Server thread/INFO]: Saving chunks for level 'New World'/Nether
[20:38:45] [Server thread/INFO]: Saving chunks for level 'New World'/The End
[20:38:48] [Server thread/INFO]: Stopping server
[20:38:48] [Server thread/INFO]: Saving players
[20:38:48] [Server thread/INFO]: Saving worlds
[20:38:48] [Server thread/INFO]: Saving chunks for level 'New World'/Overworld
[20:38:49] [Server thread/INFO]: Saving chunks for level 'New World'/Nether
[20:38:49] [Server thread/INFO]: Saving chunks for level 'New World'/The End
[20:38:50] [Client thread/INFO]: Stopping!
